<?xml version="1.0" encoding="UTF-8"?>
<testng-results skipped="0" failed="0" ignored="0" total="1" passed="1">
  <reporter-output>
    <line>
      <![CDATA[<div "featureFile">Feature File: C:&#x2F;IVL_Selenium@2019&#x2F;IVLCucumberAutomationDemo&#x2F;src&#x2F;main&#x2F;java&#x2F;com&#x2F;ivl&#x2F;qa&#x2F;features&#x2F;completeSuite.feature</div>]]>
    </line>
    <line>
      <![CDATA[<div "result">User opens browser (PASSED : 69s)</div>]]>
    </line>
    <line>
      <![CDATA[<div "result">User is on PEP login page (PASSED : 0s)</div>]]>
    </line>
    <line>
      <![CDATA[<div "result">Title of login page is productivV (PASSED : 0s)</div>]]>
    </line>
    <line>
      <![CDATA[<div "result">User enters login username and password (PASSED : 0s)</div>]]>
    </line>
    <line>
      <![CDATA[<div "result">User clicks on login button (PASSED : 0s)</div>]]>
    </line>
    <line>
      <![CDATA[<div "result">Homepage logo is displayed (PASSED : 0s)</div>]]>
    </line>
    <line>
      <![CDATA[<div "result">User clicks on the homepage logo (PASSED : 0s)</div>]]>
    </line>
    <line>
      <![CDATA[<div "result">User profile name is displayed (PASSED : 0s)</div>]]>
    </line>
    <line>
      <![CDATA[<div "result">User logs out (PASSED : 0s)</div>]]>
    </line>
    <line>
      <![CDATA[<div "result">User opens browser (PASSED : 49s)</div>]]>
    </line>
    <line>
      <![CDATA[<div "result">User is on PEP login page (PASSED : 0s)</div>]]>
    </line>
    <line>
      <![CDATA[<div "result">User enters &quot;kuldeep.kumar@ivlglobal.com&quot; and &quot;MH12@ne2827&quot; (PASSED : 0s)</div>]]>
    </line>
    <line>
      <![CDATA[<div "result">User clicks on login button (PASSED : 0s)</div>]]>
    </line>
    <line>
      <![CDATA[<div "result">User opens browser (PASSED : 13s)</div>]]>
    </line>
    <line>
      <![CDATA[<div "result">User is on PEP login page (PASSED : 0s)</div>]]>
    </line>
    <line>
      <![CDATA[<div "result">User enters &quot;Test@ivl.com&quot; and &quot;1234&quot; (PASSED : 0s)</div>]]>
    </line>
    <line>
      <![CDATA[<div "result">User clicks on login button (PASSED : 0s)</div>]]>
    </line>
    <line>
      <![CDATA[<div "result">Invalid login error message is displayed (PASSED : 0s)</div>]]>
    </line>
    <line>
      <![CDATA[<div "result">User opens browser (PASSED : 16s)</div>]]>
    </line>
    <line>
      <![CDATA[<div "result">User is on PEP login page (PASSED : 0s)</div>]]>
    </line>
    <line>
      <![CDATA[<div "result">User enters &quot;Test1@ivl.com&quot; and &quot;45678&quot; (PASSED : 0s)</div>]]>
    </line>
    <line>
      <![CDATA[<div "result">User clicks on login button (PASSED : 0s)</div>]]>
    </line>
    <line>
      <![CDATA[<div "result">Invalid login error message is displayed (PASSED : 12s)</div>]]>
    </line>
    <line>
      <![CDATA[<div "result">User opens browser (PASSED : 11s)</div>]]>
    </line>
    <line>
      <![CDATA[<div "result">User is on PEP login page (PASSED : 0s)</div>]]>
    </line>
    <line>
      <![CDATA[<div "result">User clicks on login button (PASSED : 0s)</div>]]>
    </line>
    <line>
      <![CDATA[<div "result">Error message is displayed (PASSED : 0s)</div>]]>
    </line>
    <line>
      <![CDATA[<div "result">User opens browser (PASSED : 12s)</div>]]>
    </line>
    <line>
      <![CDATA[<div "result">User is on PEP login page (PASSED : 0s)</div>]]>
    </line>
    <line>
      <![CDATA[<div "result">Title of login page is productivV (PASSED : 0s)</div>]]>
    </line>
    <line>
      <![CDATA[<div "result">User opens browser (PASSED : 15s)</div>]]>
    </line>
    <line>
      <![CDATA[<div "result">User is on PEP login page (PASSED : 0s)</div>]]>
    </line>
    <line>
      <![CDATA[<div "result">User enters &quot;kuldeep.kumar@gmail.com&quot; and &quot;MH12@ne2827&quot; (PASSED : 0s)</div>]]>
    </line>
    <line>
      <![CDATA[<div "result">User clicks on login button (PASSED : 0s)</div>]]>
    </line>
    <line>
      <![CDATA[<div "result">Invalid login error message is displayed (PASSED : 0s)</div>]]>
    </line>
  </reporter-output>
  <suite name="BDD Test Suite" duration-ms="218914" started-at="2020-04-15T10:42:41Z" finished-at="2020-04-15T10:46:20Z">
    <groups>
      <group name="cucumber">
        <method signature="TestRunner.feature(cucumber.api.testng.CucumberFeatureWrapper)[pri:0, instance:com.ivl.qa.runner.TestRunner@6b2fad11]" name="feature" class="com.ivl.qa.runner.TestRunner"/>
      </group> <!-- cucumber -->
    </groups>
    <test name="Regression Test" duration-ms="218914" started-at="2020-04-15T10:42:41Z" finished-at="2020-04-15T10:46:20Z">
      <class name="com.ivl.qa.runner.TestRunner">
        <test-method status="PASS" signature="setUpClass()[pri:0, instance:com.ivl.qa.runner.TestRunner@6b2fad11]" name="setUpClass" is-config="true" duration-ms="165" started-at="2020-04-15T16:12:41Z" finished-at="2020-04-15T16:12:41Z">
          <reporter-output>
          </reporter-output>
        </test-method> <!-- setUpClass -->
        <test-method status="PASS" signature="feature(cucumber.api.testng.CucumberFeatureWrapper)[pri:0, instance:com.ivl.qa.runner.TestRunner@6b2fad11]" name="feature" duration-ms="218457" started-at="2020-04-15T16:12:41Z" description="Runs cucmber Features" data-provider="features" finished-at="2020-04-15T16:16:20Z">
          <params>
            <param index="0">
              <value>
                <![CDATA["PEP Login Feature"]]>
              </value>
            </param>
          </params>
          <reporter-output>
            <line>
              <![CDATA[<div "featureFile">Feature File: C:&#x2F;IVL_Selenium@2019&#x2F;IVLCucumberAutomationDemo&#x2F;src&#x2F;main&#x2F;java&#x2F;com&#x2F;ivl&#x2F;qa&#x2F;features&#x2F;completeSuite.feature</div>]]>
            </line>
            <line>
              <![CDATA[<div "result">User opens browser (PASSED : 69s)</div>]]>
            </line>
            <line>
              <![CDATA[<div "result">User is on PEP login page (PASSED : 0s)</div>]]>
            </line>
            <line>
              <![CDATA[<div "result">Title of login page is productivV (PASSED : 0s)</div>]]>
            </line>
            <line>
              <![CDATA[<div "result">User enters login username and password (PASSED : 0s)</div>]]>
            </line>
            <line>
              <![CDATA[<div "result">User clicks on login button (PASSED : 0s)</div>]]>
            </line>
            <line>
              <![CDATA[<div "result">Homepage logo is displayed (PASSED : 0s)</div>]]>
            </line>
            <line>
              <![CDATA[<div "result">User clicks on the homepage logo (PASSED : 0s)</div>]]>
            </line>
            <line>
              <![CDATA[<div "result">User profile name is displayed (PASSED : 0s)</div>]]>
            </line>
            <line>
              <![CDATA[<div "result">User logs out (PASSED : 0s)</div>]]>
            </line>
            <line>
              <![CDATA[<div "result">User opens browser (PASSED : 49s)</div>]]>
            </line>
            <line>
              <![CDATA[<div "result">User is on PEP login page (PASSED : 0s)</div>]]>
            </line>
            <line>
              <![CDATA[<div "result">User enters &quot;kuldeep.kumar@ivlglobal.com&quot; and &quot;MH12@ne2827&quot; (PASSED : 0s)</div>]]>
            </line>
            <line>
              <![CDATA[<div "result">User clicks on login button (PASSED : 0s)</div>]]>
            </line>
            <line>
              <![CDATA[<div "result">User opens browser (PASSED : 13s)</div>]]>
            </line>
            <line>
              <![CDATA[<div "result">User is on PEP login page (PASSED : 0s)</div>]]>
            </line>
            <line>
              <![CDATA[<div "result">User enters &quot;Test@ivl.com&quot; and &quot;1234&quot; (PASSED : 0s)</div>]]>
            </line>
            <line>
              <![CDATA[<div "result">User clicks on login button (PASSED : 0s)</div>]]>
            </line>
            <line>
              <![CDATA[<div "result">Invalid login error message is displayed (PASSED : 0s)</div>]]>
            </line>
            <line>
              <![CDATA[<div "result">User opens browser (PASSED : 16s)</div>]]>
            </line>
            <line>
              <![CDATA[<div "result">User is on PEP login page (PASSED : 0s)</div>]]>
            </line>
            <line>
              <![CDATA[<div "result">User enters &quot;Test1@ivl.com&quot; and &quot;45678&quot; (PASSED : 0s)</div>]]>
            </line>
            <line>
              <![CDATA[<div "result">User clicks on login button (PASSED : 0s)</div>]]>
            </line>
            <line>
              <![CDATA[<div "result">Invalid login error message is displayed (PASSED : 12s)</div>]]>
            </line>
            <line>
              <![CDATA[<div "result">User opens browser (PASSED : 11s)</div>]]>
            </line>
            <line>
              <![CDATA[<div "result">User is on PEP login page (PASSED : 0s)</div>]]>
            </line>
            <line>
              <![CDATA[<div "result">User clicks on login button (PASSED : 0s)</div>]]>
            </line>
            <line>
              <![CDATA[<div "result">Error message is displayed (PASSED : 0s)</div>]]>
            </line>
            <line>
              <![CDATA[<div "result">User opens browser (PASSED : 12s)</div>]]>
            </line>
            <line>
              <![CDATA[<div "result">User is on PEP login page (PASSED : 0s)</div>]]>
            </line>
            <line>
              <![CDATA[<div "result">Title of login page is productivV (PASSED : 0s)</div>]]>
            </line>
            <line>
              <![CDATA[<div "result">User opens browser (PASSED : 15s)</div>]]>
            </line>
            <line>
              <![CDATA[<div "result">User is on PEP login page (PASSED : 0s)</div>]]>
            </line>
            <line>
              <![CDATA[<div "result">User enters &quot;kuldeep.kumar@gmail.com&quot; and &quot;MH12@ne2827&quot; (PASSED : 0s)</div>]]>
            </line>
            <line>
              <![CDATA[<div "result">User clicks on login button (PASSED : 0s)</div>]]>
            </line>
            <line>
              <![CDATA[<div "result">Invalid login error message is displayed (PASSED : 0s)</div>]]>
            </line>
          </reporter-output>
        </test-method> <!-- feature -->
        <test-method status="PASS" signature="testDownClass()[pri:0, instance:com.ivl.qa.runner.TestRunner@6b2fad11]" name="testDownClass" is-config="true" duration-ms="244" started-at="2020-04-15T16:16:20Z" finished-at="2020-04-15T16:16:20Z">
          <reporter-output>
          </reporter-output>
        </test-method> <!-- testDownClass -->
      </class> <!-- com.ivl.qa.runner.TestRunner -->
    </test> <!-- Regression Test -->
  </suite> <!-- BDD Test Suite -->
</testng-results>
